<?xml version="1.0" encoding="UTF-8"?>
<testng-results skipped="0" failed="0" total="1" passed="1">
  <reporter-output>
  </reporter-output>
  <suite name="Default suite" duration-ms="121154" started-at="2018-07-10T19:38:13Z" finished-at="2018-07-10T19:40:14Z">
    <groups>
    </groups>
    <test name="Default test" duration-ms="121154" started-at="2018-07-10T19:38:13Z" finished-at="2018-07-10T19:40:14Z">
      <class name="TestCase.Test01_appium">
        <test-method status="PASS" signature="setUp()[pri:0, instance:TestCase.Test01_appium@5f341870]" name="setUp" is-config="true" duration-ms="49525" started-at="2018-07-10T15:38:13Z" finished-at="2018-07-10T15:39:03Z">
          <reporter-output>
          </reporter-output>
        </test-method> <!-- setUp -->
        <test-method status="PASS" signature="login_appium()[pri:0, instance:TestCase.Test01_appium@5f341870]" name="login_appium" duration-ms="59336" started-at="2018-07-10T15:39:03Z" finished-at="2018-07-10T15:40:02Z">
          <reporter-output>
          </reporter-output>
        </test-method> <!-- login_appium -->
        <test-method status="PASS" signature="teardown()[pri:0, instance:TestCase.Test01_appium@5f341870]" name="teardown" is-config="true" duration-ms="12275" started-at="2018-07-10T15:40:02Z" finished-at="2018-07-10T15:40:14Z">
          <reporter-output>
          </reporter-output>
        </test-method> <!-- teardown -->
      </class> <!-- TestCase.Test01_appium -->
    </test> <!-- Default test -->
  </suite> <!-- Default suite -->
</testng-results>
